<?xml version="1.0" encoding="UTF-8"?>
<!-- Generated by org.testng.reporters.JUnitXMLReporter -->
<testsuite ignored="0" hostname="DESKTOP-8IQ6Q1E" failures="0" tests="6" name="Home-Depot-chrome" time="199.075" errors="0" timestamp="2020-05-06T17:02:15 EDT">
  <testcase classname="bcamphomedepot.newaccount2" name="newaccount1" time="17.366"/>
  <testcase classname="bcamphomedepot.logina" name="f" time="12.583"/>
  <testcase classname="bcamphomedepot.searchbutton" name="f" time="19.471"/>
  <testcase classname="bcamphomedepot.searchbutton" name="f" time="8.11"/>
  <testcase classname="bcamphomedepot.searchbutton" name="f" time="20.006"/>
  <testcase classname="bcamphomedepot.searchbutton" name="addcart" time="28.29"/>
</testsuite> <!-- Home-Depot-chrome -->
