<?xml version="1.0" encoding="UTF-8"?>
<!-- Generated by org.testng.reporters.JUnitXMLReporter -->
<testsuite ignored="0" hostname="DESKTOP-8IQ6Q1E" failures="0" tests="6" name="Home-Depot-chrome" time="169.648" errors="0" timestamp="2020-05-05T16:44:58 EDT">
  <testcase classname="bcamphomedepot.newaccount2" name="newaccount1" time="12.865"/>
  <testcase classname="bcamphomedepot.logina" name="f" time="12.04"/>
  <testcase classname="bcamphomedepot.searchbutton" name="f" time="15.418"/>
  <testcase classname="bcamphomedepot.searchbutton" name="f" time="14.955"/>
  <testcase classname="bcamphomedepot.searchbutton" name="f" time="20.957"/>
  <testcase classname="bcamphomedepot.searchbutton" name="addcart" time="19.15"/>
</testsuite> <!-- Home-Depot-chrome -->
