<?xml version="1.0" encoding="UTF-8"?>
<!-- Generated by org.testng.reporters.JUnitXMLReporter -->
<testsuite ignored="0" hostname="DESKTOP-8IQ6Q1E" failures="1" tests="2" name="target-chrome-test4" time="32.413" errors="0" timestamp="2020-04-25T11:00:40 EDT">
  <testcase classname="Protrainingtech.practiceframework.Newaccount" name="createaccount" time="11.793"/>
  <testcase classname="Protrainingtech.practiceframework.Newaccount" name="createaccount" time="11.798">
    <failure type="java.lang.NullPointerException">
      <![CDATA[java.lang.NullPointerException
at CommonUtilities.Cutilities.Screenshot(Cutilities.java:65)
at CommonUtilities.listner.onTestSuccess(listner.java:20)
at java.base/java.util.concurrent.ThreadPoolExecutor.runWorker(ThreadPoolExecutor.java:1128)
at java.base/java.util.concurrent.ThreadPoolExecutor$Worker.run(ThreadPoolExecutor.java:628)
at java.base/java.lang.Thread.run(Thread.java:830)
... Removed 9 stack frames]]>
    </failure>
  </testcase> <!-- createaccount -->
</testsuite> <!-- target-chrome-test4 -->
