<?xml version="1.0" encoding="UTF-8"?>
<!-- Generated by org.testng.reporters.JUnitXMLReporter -->
<testsuite ignored="0" hostname="DESKTOP-8IQ6Q1E" failures="0" tests="7" name="target-chrome-test" time="219.099" errors="0" timestamp="2020-05-04T11:29:04 EDT">
  <testcase classname="Protrainingtech.practiceframework.Target" name="f" time="16.239"/>
  <testcase classname="Protrainingtech.practiceframework.Target" name="search" time="22.949"/>
  <testcase classname="Protrainingtech.practiceframework.Target" name="search" time="5.117"/>
  <testcase classname="Protrainingtech.practiceframework.Target" name="search" time="4.583"/>
  <testcase classname="Protrainingtech.practiceframework.Pagesignin" name="f" time="13.815"/>
  <testcase classname="Protrainingtech.practiceframework.Newaccount" name="createaccount" time="15.931"/>
  <testcase classname="Protrainingtech.practiceframework.Whatsnew" name="f" time="4.07"/>
</testsuite> <!-- target-chrome-test -->
