<?xml version="1.0" encoding="UTF-8"?>
<!-- Generated by org.testng.reporters.JUnitXMLReporter -->
<testsuite ignored="0" hostname="DESKTOP-8IQ6Q1E" failures="0" tests="7" name="target-firefox-test" time="347.499" errors="0" timestamp="2020-05-05T16:42:08 EDT">
  <testcase classname="Protrainingtech.practiceframework.Newaccount" name="createaccount" time="13.327"/>
  <testcase classname="Protrainingtech.practiceframework.Pagesignin" name="f" time="9.782"/>
  <testcase classname="Protrainingtech.practiceframework.Target" name="f" time="22.301"/>
  <testcase classname="Protrainingtech.practiceframework.Target" name="search" time="10.641"/>
  <testcase classname="Protrainingtech.practiceframework.Target" name="search" time="11.682"/>
  <testcase classname="Protrainingtech.practiceframework.Target" name="search" time="13.103"/>
  <testcase classname="Protrainingtech.practiceframework.Whatsnew" name="f" time="6.924"/>
</testsuite> <!-- target-firefox-test -->
