<?xml version="1.0" encoding="UTF-8"?>
<!-- Generated by org.testng.reporters.JUnitXMLReporter -->
<testsuite ignored="0" hostname="DESKTOP-8IQ6Q1E" failures="1" tests="1" name="targetPage2" time="34.487" errors="0" timestamp="2020-04-08T23:05:11 EDT">
  <testcase classname="Protrainingtech.practiceframework.Newaccount" name="f" time="0.0">
    <failure type="org.testng.TestNGException" message="
Parameter &amp;apos;Phone&amp;apos; is required by @Test on method f but has not been marked @Optional or defined
in C:\Users\lala94\eclipse-workspace\practiceframework\main1.xml">
      <![CDATA[org.testng.TestNGException: 
Parameter 'Phone' is required by @Test on method f but has not been marked @Optional or defined
in C:\Users\lala94\eclipse-workspace\practiceframework\main1.xml
at java.base/java.util.ArrayList.forEach(ArrayList.java:1507)
at java.base/java.util.concurrent.FutureTask.run(FutureTask.java:264)
at java.base/java.util.concurrent.ThreadPoolExecutor.runWorker(ThreadPoolExecutor.java:1128)
at java.base/java.util.concurrent.ThreadPoolExecutor$Worker.run(ThreadPoolExecutor.java:628)
at java.base/java.lang.Thread.run(Thread.java:830)
... Removed 17 stack frames]]>
    </failure>
  </testcase> <!-- f -->
</testsuite> <!-- targetPage2 -->
