<?xml version="1.0" encoding="UTF-8"?>
<!-- Generated by org.testng.reporters.JUnitXMLReporter -->
<testsuite ignored="0" hostname="DESKTOP-8IQ6Q1E" failures="0" tests="7" name="target-chrome-test" time="191.338" errors="0" timestamp="2020-05-05T16:36:20 EDT">
  <testcase classname="Protrainingtech.practiceframework.Target" name="f" time="11.406"/>
  <testcase classname="Protrainingtech.practiceframework.Target" name="search" time="11.158"/>
  <testcase classname="Protrainingtech.practiceframework.Target" name="search" time="6.103"/>
  <testcase classname="Protrainingtech.practiceframework.Target" name="search" time="7.173"/>
  <testcase classname="Protrainingtech.practiceframework.Pagesignin" name="f" time="9.507"/>
  <testcase classname="Protrainingtech.practiceframework.Newaccount" name="createaccount" time="12.292"/>
  <testcase classname="Protrainingtech.practiceframework.Whatsnew" name="f" time="5.096"/>
</testsuite> <!-- target-chrome-test -->
