<?xml version="1.0" encoding="UTF-8"?>
<!-- Generated by org.testng.reporters.JUnitXMLReporter -->
<testsuite ignored="0" hostname="DESKTOP-8IQ6Q1E" failures="0" tests="7" name="target-firefox-test" time="334.632" errors="0" timestamp="2020-05-04T11:34:38 EDT">
  <testcase classname="Protrainingtech.practiceframework.Newaccount" name="createaccount" time="17.269"/>
  <testcase classname="Protrainingtech.practiceframework.Pagesignin" name="f" time="19.567"/>
  <testcase classname="Protrainingtech.practiceframework.Target" name="f" time="31.128"/>
  <testcase classname="Protrainingtech.practiceframework.Target" name="search" time="11.79"/>
  <testcase classname="Protrainingtech.practiceframework.Target" name="search" time="15.648"/>
  <testcase classname="Protrainingtech.practiceframework.Target" name="search" time="20.06"/>
  <testcase classname="Protrainingtech.practiceframework.Whatsnew" name="f" time="10.21"/>
</testsuite> <!-- target-firefox-test -->
