<?xml version="1.0" encoding="UTF-8"?>
<testng-results ignored="0" total="20" passed="20" failed="0" skipped="0">
  <reporter-output>
    <line>
      <![CDATA[Clicked Main Menue]]>
    </line>
    <line>
      <![CDATA[End of Class]]>
    </line>
    <line>
      <![CDATA[Clicked Main Menue]]>
    </line>
    <line>
      <![CDATA[End of Class]]>
    </line>
  </reporter-output>
  <suite started-at="2020-05-03T21:29:48 EDT" name="Suite" finished-at="2020-05-03T21:40:29 EDT" duration-ms="641135">
    <groups>
    </groups>
    <test started-at="2020-05-03T21:29:48 EDT" name="target-chrome-test" finished-at="2020-05-03T21:32:28 EDT" duration-ms="160483">
      <class name="Protrainingtech.practiceframework.Whatsnew">
        <test-method is-config="true" signature="browsers(java.lang.String, java.lang.String)[pri:0, instance:Protrainingtech.practiceframework.Whatsnew@147ed70f]" started-at="2020-05-03T21:32:02 EDT" name="browsers" finished-at="2020-05-03T21:32:20 EDT" duration-ms="17607" status="PASS">
          <params>
            <param index="0">
              <value>
                <![CDATA[chrome]]>
              </value>
            </param>
            <param index="1">
              <value>
                <![CDATA[https://www.target.com]]>
              </value>
            </param>
          </params>
          <reporter-output>
          </reporter-output>
        </test-method> <!-- browsers -->
        <test-method signature="f()[pri:0, instance:Protrainingtech.practiceframework.Whatsnew@147ed70f]" started-at="2020-05-03T21:32:20 EDT" name="f" finished-at="2020-05-03T21:32:25 EDT" duration-ms="5143" status="PASS">
          <reporter-output>
          </reporter-output>
        </test-method> <!-- f -->
        <test-method is-config="true" signature="afterClass()[pri:0, instance:Protrainingtech.practiceframework.Whatsnew@147ed70f]" started-at="2020-05-03T21:32:27 EDT" name="afterClass" finished-at="2020-05-03T21:32:28 EDT" duration-ms="566" status="PASS">
          <reporter-output>
          </reporter-output>
        </test-method> <!-- afterClass -->
      </class> <!-- Protrainingtech.practiceframework.Whatsnew -->
      <class name="Protrainingtech.practiceframework.Newaccount">
        <test-method is-config="true" signature="browsers(java.lang.String, java.lang.String)[pri:0, instance:Protrainingtech.practiceframework.Newaccount@4278a03f]" started-at="2020-05-03T21:31:29 EDT" name="browsers" finished-at="2020-05-03T21:31:49 EDT" duration-ms="20505" status="PASS">
          <params>
            <param index="0">
              <value>
                <![CDATA[chrome]]>
              </value>
            </param>
            <param index="1">
              <value>
                <![CDATA[https://www.target.com]]>
              </value>
            </param>
          </params>
          <reporter-output>
          </reporter-output>
        </test-method> <!-- browsers -->
        <test-method signature="createaccount(java.lang.String, java.lang.String, java.lang.String, java.lang.String, java.lang.String)[pri:0, instance:Protrainingtech.practiceframework.Newaccount@4278a03f]" started-at="2020-05-03T21:31:49 EDT" name="createaccount" finished-at="2020-05-03T21:32:02 EDT" duration-ms="12362" status="PASS">
          <params>
            <param index="0">
              <value>
                <![CDATA[abc@yahoo.com]]>
              </value>
            </param>
            <param index="1">
              <value>
                <![CDATA[Muhammad]]>
              </value>
            </param>
            <param index="2">
              <value>
                <![CDATA[Zubair]]>
              </value>
            </param>
            <param index="3">
              <value>
                <![CDATA[03001234567]]>
              </value>
            </param>
            <param index="4">
              <value>
                <![CDATA[P12assword123]]>
              </value>
            </param>
          </params>
          <reporter-output>
          </reporter-output>
        </test-method> <!-- createaccount -->
        <test-method is-config="true" signature="afterClass()[pri:0, instance:Protrainingtech.practiceframework.Newaccount@4278a03f]" started-at="2020-05-03T21:32:02 EDT" name="afterClass" finished-at="2020-05-03T21:32:02 EDT" duration-ms="203" status="PASS">
          <reporter-output>
          </reporter-output>
        </test-method> <!-- afterClass -->
      </class> <!-- Protrainingtech.practiceframework.Newaccount -->
      <class name="Protrainingtech.practiceframework.Target">
        <test-method is-config="true" signature="browsers(java.lang.String, java.lang.String)[pri:0, instance:Protrainingtech.practiceframework.Target@29176cc1]" started-at="2020-05-03T21:29:48 EDT" name="browsers" finished-at="2020-05-03T21:30:04 EDT" duration-ms="16759" status="PASS">
          <params>
            <param index="0">
              <value>
                <![CDATA[chrome]]>
              </value>
            </param>
            <param index="1">
              <value>
                <![CDATA[https://www.target.com]]>
              </value>
            </param>
          </params>
          <reporter-output>
          </reporter-output>
        </test-method> <!-- browsers -->
        <test-method signature="f()[pri:1, instance:Protrainingtech.practiceframework.Target@29176cc1]" started-at="2020-05-03T21:30:04 EDT" name="f" finished-at="2020-05-03T21:30:16 EDT" duration-ms="11678" status="PASS">
          <reporter-output>
            <line>
              <![CDATA[Clicked Main Menue]]>
            </line>
            <line>
              <![CDATA[End of Class]]>
            </line>
          </reporter-output>
        </test-method> <!-- f -->
        <test-method signature="search(java.lang.String)[pri:2, instance:Protrainingtech.practiceframework.Target@29176cc1]" started-at="2020-05-03T21:30:20 EDT" name="search" data-provider="dp" finished-at="2020-05-03T21:30:31 EDT" duration-ms="11226" status="PASS">
          <params>
            <param index="0">
              <value>
                <![CDATA[sleep wear]]>
              </value>
            </param>
          </params>
          <reporter-output>
          </reporter-output>
        </test-method> <!-- search -->
        <test-method signature="search(java.lang.String)[pri:2, instance:Protrainingtech.practiceframework.Target@29176cc1]" started-at="2020-05-03T21:30:31 EDT" name="search" data-provider="dp" finished-at="2020-05-03T21:30:41 EDT" duration-ms="9757" status="PASS">
          <params>
            <param index="0">
              <value>
                <![CDATA[dress shirts]]>
              </value>
            </param>
          </params>
          <reporter-output>
          </reporter-output>
        </test-method> <!-- search -->
        <test-method signature="search(java.lang.String)[pri:2, instance:Protrainingtech.practiceframework.Target@29176cc1]" started-at="2020-05-03T21:30:45 EDT" name="search" data-provider="dp" finished-at="2020-05-03T21:30:51 EDT" duration-ms="6408" status="PASS">
          <params>
            <param index="0">
              <value>
                <![CDATA[kids shoes]]>
              </value>
            </param>
          </params>
          <reporter-output>
          </reporter-output>
        </test-method> <!-- search -->
        <test-method is-config="true" signature="afterClass()[pri:0, instance:Protrainingtech.practiceframework.Target@29176cc1]" started-at="2020-05-03T21:30:55 EDT" name="afterClass" finished-at="2020-05-03T21:31:00 EDT" duration-ms="4530" status="PASS">
          <reporter-output>
          </reporter-output>
        </test-method> <!-- afterClass -->
      </class> <!-- Protrainingtech.practiceframework.Target -->
      <class name="Protrainingtech.practiceframework.Pagesignin">
        <test-method is-config="true" signature="browsers(java.lang.String, java.lang.String)[pri:0, instance:Protrainingtech.practiceframework.Pagesignin@2f177a4b]" started-at="2020-05-03T21:31:00 EDT" name="browsers" finished-at="2020-05-03T21:31:18 EDT" duration-ms="18354" status="PASS">
          <params>
            <param index="0">
              <value>
                <![CDATA[chrome]]>
              </value>
            </param>
            <param index="1">
              <value>
                <![CDATA[https://www.target.com]]>
              </value>
            </param>
          </params>
          <reporter-output>
          </reporter-output>
        </test-method> <!-- browsers -->
        <test-method signature="f()[pri:0, instance:Protrainingtech.practiceframework.Pagesignin@2f177a4b]" started-at="2020-05-03T21:31:18 EDT" name="f" finished-at="2020-05-03T21:31:28 EDT" duration-ms="9750" status="PASS">
          <reporter-output>
          </reporter-output>
        </test-method> <!-- f -->
        <test-method is-config="true" signature="afterClass()[pri:0, instance:Protrainingtech.practiceframework.Pagesignin@2f177a4b]" started-at="2020-05-03T21:31:28 EDT" name="afterClass" finished-at="2020-05-03T21:31:29 EDT" duration-ms="415" status="PASS">
          <reporter-output>
          </reporter-output>
        </test-method> <!-- afterClass -->
      </class> <!-- Protrainingtech.practiceframework.Pagesignin -->
    </test> <!-- target-chrome-test -->
    <test started-at="2020-05-03T21:32:28 EDT" name="target-firefox-test" finished-at="2020-05-03T21:37:29 EDT" duration-ms="300728">
      <class name="Protrainingtech.practiceframework.Whatsnew">
        <test-method is-config="true" signature="browsers(java.lang.String, java.lang.String)[pri:0, instance:Protrainingtech.practiceframework.Whatsnew@1534f01b]" started-at="2020-05-03T21:36:24 EDT" name="browsers" finished-at="2020-05-03T21:36:53 EDT" duration-ms="29424" status="PASS">
          <params>
            <param index="0">
              <value>
                <![CDATA[firefox]]>
              </value>
            </param>
            <param index="1">
              <value>
                <![CDATA[https://www.target.com]]>
              </value>
            </param>
          </params>
          <reporter-output>
          </reporter-output>
        </test-method> <!-- browsers -->
        <test-method signature="f()[pri:0, instance:Protrainingtech.practiceframework.Whatsnew@1534f01b]" started-at="2020-05-03T21:36:53 EDT" name="f" finished-at="2020-05-03T21:37:04 EDT" duration-ms="10588" status="PASS">
          <reporter-output>
          </reporter-output>
        </test-method> <!-- f -->
        <test-method is-config="true" signature="afterClass()[pri:0, instance:Protrainingtech.practiceframework.Whatsnew@1534f01b]" started-at="2020-05-03T21:37:05 EDT" name="afterClass" finished-at="2020-05-03T21:37:29 EDT" duration-ms="24174" status="PASS">
          <reporter-output>
          </reporter-output>
        </test-method> <!-- afterClass -->
      </class> <!-- Protrainingtech.practiceframework.Whatsnew -->
      <class name="Protrainingtech.practiceframework.Newaccount">
        <test-method is-config="true" signature="browsers(java.lang.String, java.lang.String)[pri:0, instance:Protrainingtech.practiceframework.Newaccount@4b14c583]" started-at="2020-05-03T21:32:28 EDT" name="browsers" finished-at="2020-05-03T21:32:58 EDT" duration-ms="30198" status="PASS">
          <params>
            <param index="0">
              <value>
                <![CDATA[firefox]]>
              </value>
            </param>
            <param index="1">
              <value>
                <![CDATA[https://www.target.com]]>
              </value>
            </param>
          </params>
          <reporter-output>
          </reporter-output>
        </test-method> <!-- browsers -->
        <test-method signature="createaccount(java.lang.String, java.lang.String, java.lang.String, java.lang.String, java.lang.String)[pri:0, instance:Protrainingtech.practiceframework.Newaccount@4b14c583]" started-at="2020-05-03T21:32:58 EDT" name="createaccount" finished-at="2020-05-03T21:33:09 EDT" duration-ms="11096" status="PASS">
          <params>
            <param index="0">
              <value>
                <![CDATA[abc@yahoo.com]]>
              </value>
            </param>
            <param index="1">
              <value>
                <![CDATA[Muhammad]]>
              </value>
            </param>
            <param index="2">
              <value>
                <![CDATA[Zubair]]>
              </value>
            </param>
            <param index="3">
              <value>
                <![CDATA[03001234567]]>
              </value>
            </param>
            <param index="4">
              <value>
                <![CDATA[P12assword123]]>
              </value>
            </param>
          </params>
          <reporter-output>
          </reporter-output>
        </test-method> <!-- createaccount -->
        <test-method is-config="true" signature="afterClass()[pri:0, instance:Protrainingtech.practiceframework.Newaccount@4b14c583]" started-at="2020-05-03T21:33:10 EDT" name="afterClass" finished-at="2020-05-03T21:33:40 EDT" duration-ms="30447" status="PASS">
          <reporter-output>
          </reporter-output>
        </test-method> <!-- afterClass -->
      </class> <!-- Protrainingtech.practiceframework.Newaccount -->
      <class name="Protrainingtech.practiceframework.Target">
        <test-method is-config="true" signature="browsers(java.lang.String, java.lang.String)[pri:0, instance:Protrainingtech.practiceframework.Target@4ddced80]" started-at="2020-05-03T21:34:39 EDT" name="browsers" finished-at="2020-05-03T21:34:59 EDT" duration-ms="19988" status="PASS">
          <params>
            <param index="0">
              <value>
                <![CDATA[firefox]]>
              </value>
            </param>
            <param index="1">
              <value>
                <![CDATA[https://www.target.com]]>
              </value>
            </param>
          </params>
          <reporter-output>
          </reporter-output>
        </test-method> <!-- browsers -->
        <test-method signature="f()[pri:1, instance:Protrainingtech.practiceframework.Target@4ddced80]" started-at="2020-05-03T21:34:59 EDT" name="f" finished-at="2020-05-03T21:35:25 EDT" duration-ms="26272" status="PASS">
          <reporter-output>
            <line>
              <![CDATA[Clicked Main Menue]]>
            </line>
            <line>
              <![CDATA[End of Class]]>
            </line>
          </reporter-output>
        </test-method> <!-- f -->
        <test-method signature="search(java.lang.String)[pri:2, instance:Protrainingtech.practiceframework.Target@4ddced80]" started-at="2020-05-03T21:35:27 EDT" name="search" data-provider="dp" finished-at="2020-05-03T21:35:38 EDT" duration-ms="11252" status="PASS">
          <params>
            <param index="0">
              <value>
                <![CDATA[sleep wear]]>
              </value>
            </param>
          </params>
          <reporter-output>
          </reporter-output>
        </test-method> <!-- search -->
        <test-method signature="search(java.lang.String)[pri:2, instance:Protrainingtech.practiceframework.Target@4ddced80]" started-at="2020-05-03T21:35:39 EDT" name="search" data-provider="dp" finished-at="2020-05-03T21:35:48 EDT" duration-ms="9902" status="PASS">
          <params>
            <param index="0">
              <value>
                <![CDATA[dress shirts]]>
              </value>
            </param>
          </params>
          <reporter-output>
          </reporter-output>
        </test-method> <!-- search -->
        <test-method signature="search(java.lang.String)[pri:2, instance:Protrainingtech.practiceframework.Target@4ddced80]" started-at="2020-05-03T21:35:49 EDT" name="search" data-provider="dp" finished-at="2020-05-03T21:36:02 EDT" duration-ms="12903" status="PASS">
          <params>
            <param index="0">
              <value>
                <![CDATA[kids shoes]]>
              </value>
            </param>
          </params>
          <reporter-output>
          </reporter-output>
        </test-method> <!-- search -->
        <test-method is-config="true" signature="afterClass()[pri:0, instance:Protrainingtech.practiceframework.Target@4ddced80]" started-at="2020-05-03T21:36:03 EDT" name="afterClass" finished-at="2020-05-03T21:36:24 EDT" duration-ms="20782" status="PASS">
          <reporter-output>
          </reporter-output>
        </test-method> <!-- afterClass -->
      </class> <!-- Protrainingtech.practiceframework.Target -->
      <class name="Protrainingtech.practiceframework.Pagesignin">
        <test-method is-config="true" signature="browsers(java.lang.String, java.lang.String)[pri:0, instance:Protrainingtech.practiceframework.Pagesignin@65466a6a]" started-at="2020-05-03T21:33:40 EDT" name="browsers" finished-at="2020-05-03T21:33:59 EDT" duration-ms="19044" status="PASS">
          <params>
            <param index="0">
              <value>
                <![CDATA[firefox]]>
              </value>
            </param>
            <param index="1">
              <value>
                <![CDATA[https://www.target.com]]>
              </value>
            </param>
          </params>
          <reporter-output>
          </reporter-output>
        </test-method> <!-- browsers -->
        <test-method signature="f()[pri:0, instance:Protrainingtech.practiceframework.Pagesignin@65466a6a]" started-at="2020-05-03T21:33:59 EDT" name="f" finished-at="2020-05-03T21:34:09 EDT" duration-ms="9728" status="PASS">
          <reporter-output>
          </reporter-output>
        </test-method> <!-- f -->
        <test-method is-config="true" signature="afterClass()[pri:0, instance:Protrainingtech.practiceframework.Pagesignin@65466a6a]" started-at="2020-05-03T21:34:09 EDT" name="afterClass" finished-at="2020-05-03T21:34:39 EDT" duration-ms="29640" status="PASS">
          <reporter-output>
          </reporter-output>
        </test-method> <!-- afterClass -->
      </class> <!-- Protrainingtech.practiceframework.Pagesignin -->
    </test> <!-- target-firefox-test -->
    <test started-at="2020-05-03T21:37:29 EDT" name="Home-Depot-chrome" finished-at="2020-05-03T21:40:29 EDT" duration-ms="179761">
      <class name="bcamphomedepot.searchbutton">
        <test-method is-config="true" signature="browsers(java.lang.String, java.lang.String)[pri:0, instance:bcamphomedepot.searchbutton@2f7c2f4f]" started-at="2020-05-03T21:38:43 EDT" name="browsers" finished-at="2020-05-03T21:39:01 EDT" duration-ms="18370" status="PASS">
          <params>
            <param index="0">
              <value>
                <![CDATA[chrome]]>
              </value>
            </param>
            <param index="1">
              <value>
                <![CDATA[https://www.homedepot.com]]>
              </value>
            </param>
          </params>
          <reporter-output>
          </reporter-output>
        </test-method> <!-- browsers -->
        <test-method signature="f(java.lang.String)[pri:1, instance:bcamphomedepot.searchbutton@2f7c2f4f]" started-at="2020-05-03T21:39:01 EDT" name="f" data-provider="dp" finished-at="2020-05-03T21:39:14 EDT" duration-ms="12970" status="PASS">
          <params>
            <param index="0">
              <value>
                <![CDATA[drill machine]]>
              </value>
            </param>
          </params>
          <reporter-output>
          </reporter-output>
        </test-method> <!-- f -->
        <test-method signature="f(java.lang.String)[pri:1, instance:bcamphomedepot.searchbutton@2f7c2f4f]" started-at="2020-05-03T21:39:17 EDT" name="f" data-provider="dp" finished-at="2020-05-03T21:39:29 EDT" duration-ms="11847" status="PASS">
          <params>
            <param index="0">
              <value>
                <![CDATA[screw driver]]>
              </value>
            </param>
          </params>
          <reporter-output>
          </reporter-output>
        </test-method> <!-- f -->
        <test-method signature="f(java.lang.String)[pri:1, instance:bcamphomedepot.searchbutton@2f7c2f4f]" started-at="2020-05-03T21:39:31 EDT" name="f" data-provider="dp" finished-at="2020-05-03T21:39:51 EDT" duration-ms="19583" status="PASS">
          <params>
            <param index="0">
              <value>
                <![CDATA[10 inch bolts]]>
              </value>
            </param>
          </params>
          <reporter-output>
          </reporter-output>
        </test-method> <!-- f -->
        <test-method signature="addcart()[pri:2, instance:bcamphomedepot.searchbutton@2f7c2f4f]" started-at="2020-05-03T21:39:52 EDT" name="addcart" finished-at="2020-05-03T21:40:21 EDT" duration-ms="29648" status="PASS">
          <reporter-output>
          </reporter-output>
        </test-method> <!-- addcart -->
        <test-method is-config="true" signature="afterClass()[pri:0, instance:bcamphomedepot.searchbutton@2f7c2f4f]" started-at="2020-05-03T21:40:27 EDT" name="afterClass" finished-at="2020-05-03T21:40:29 EDT" duration-ms="2098" status="PASS">
          <reporter-output>
          </reporter-output>
        </test-method> <!-- afterClass -->
      </class> <!-- bcamphomedepot.searchbutton -->
      <class name="bcamphomedepot.logina">
        <test-method is-config="true" signature="browsers(java.lang.String, java.lang.String)[pri:0, instance:bcamphomedepot.logina@1b1473ab]" started-at="2020-05-03T21:38:05 EDT" name="browsers" finished-at="2020-05-03T21:38:24 EDT" duration-ms="19134" status="PASS">
          <params>
            <param index="0">
              <value>
                <![CDATA[chrome]]>
              </value>
            </param>
            <param index="1">
              <value>
                <![CDATA[https://www.homedepot.com]]>
              </value>
            </param>
          </params>
          <reporter-output>
          </reporter-output>
        </test-method> <!-- browsers -->
        <test-method signature="f(java.lang.String, java.lang.String)[pri:0, instance:bcamphomedepot.logina@1b1473ab]" started-at="2020-05-03T21:38:24 EDT" name="f" finished-at="2020-05-03T21:38:41 EDT" duration-ms="17331" status="PASS">
          <params>
            <param index="0">
              <value>
                <![CDATA[abc@yahoo.com]]>
              </value>
            </param>
            <param index="1">
              <value>
                <![CDATA[P12assword123]]>
              </value>
            </param>
          </params>
          <reporter-output>
          </reporter-output>
        </test-method> <!-- f -->
        <test-method is-config="true" signature="afterClass()[pri:0, instance:bcamphomedepot.logina@1b1473ab]" started-at="2020-05-03T21:38:42 EDT" name="afterClass" finished-at="2020-05-03T21:38:43 EDT" duration-ms="798" status="PASS">
          <reporter-output>
          </reporter-output>
        </test-method> <!-- afterClass -->
      </class> <!-- bcamphomedepot.logina -->
      <class name="bcamphomedepot.newaccount2">
        <test-method is-config="true" signature="browsers(java.lang.String, java.lang.String)[pri:0, instance:bcamphomedepot.newaccount2@149e0f5d]" started-at="2020-05-03T21:37:29 EDT" name="browsers" finished-at="2020-05-03T21:37:47 EDT" duration-ms="18350" status="PASS">
          <params>
            <param index="0">
              <value>
                <![CDATA[chrome]]>
              </value>
            </param>
            <param index="1">
              <value>
                <![CDATA[https://www.homedepot.com]]>
              </value>
            </param>
          </params>
          <reporter-output>
          </reporter-output>
        </test-method> <!-- browsers -->
        <test-method signature="newaccount1(java.lang.String, java.lang.String, java.lang.String, java.lang.String)[pri:0, instance:bcamphomedepot.newaccount2@149e0f5d]" started-at="2020-05-03T21:37:47 EDT" name="newaccount1" finished-at="2020-05-03T21:38:04 EDT" duration-ms="16350" status="PASS">
          <params>
            <param index="0">
              <value>
                <![CDATA[abc@yahoo.com]]>
              </value>
            </param>
            <param index="1">
              <value>
                <![CDATA[P12assword123]]>
              </value>
            </param>
            <param index="2">
              <value>
                <![CDATA[20871]]>
              </value>
            </param>
            <param index="3">
              <value>
                <![CDATA[03001234567]]>
              </value>
            </param>
          </params>
          <reporter-output>
          </reporter-output>
        </test-method> <!-- newaccount1 -->
        <test-method is-config="true" signature="afterClass()[pri:0, instance:bcamphomedepot.newaccount2@149e0f5d]" started-at="2020-05-03T21:38:04 EDT" name="afterClass" finished-at="2020-05-03T21:38:05 EDT" duration-ms="614" status="PASS">
          <reporter-output>
          </reporter-output>
        </test-method> <!-- afterClass -->
      </class> <!-- bcamphomedepot.newaccount2 -->
    </test> <!-- Home-Depot-chrome -->
  </suite> <!-- Suite -->
</testng-results>
