<?xml version="1.0" encoding="UTF-8"?>
<testng-results ignored="0" total="20" passed="20" failed="0" skipped="0">
  <reporter-output>
    <line>
      <![CDATA[Clicked Main Menue]]>
    </line>
    <line>
      <![CDATA[End of Class]]>
    </line>
    <line>
      <![CDATA[Clicked Main Menue]]>
    </line>
    <line>
      <![CDATA[End of Class]]>
    </line>
  </reporter-output>
  <suite started-at="2020-05-06T16:48:38 EDT" name="Suite" finished-at="2020-05-06T17:02:14 EDT" duration-ms="816390">
    <groups>
    </groups>
    <test started-at="2020-05-06T16:48:38 EDT" name="target-chrome-test" finished-at="2020-05-06T16:52:07 EDT" duration-ms="209229">
      <class name="Protrainingtech.practiceframework.Whatsnew">
        <test-method is-config="true" signature="browsers(java.lang.String, java.lang.String)[pri:0, instance:Protrainingtech.practiceframework.Whatsnew@2f177a4b]" started-at="2020-05-06T16:51:27 EDT" name="browsers" finished-at="2020-05-06T16:51:56 EDT" duration-ms="28664" status="PASS">
          <params>
            <param index="0">
              <value>
                <![CDATA[chrome]]>
              </value>
            </param>
            <param index="1">
              <value>
                <![CDATA[https://www.target.com]]>
              </value>
            </param>
          </params>
          <reporter-output>
          </reporter-output>
        </test-method> <!-- browsers -->
        <test-method signature="f()[pri:0, instance:Protrainingtech.practiceframework.Whatsnew@2f177a4b]" started-at="2020-05-06T16:51:56 EDT" name="f" finished-at="2020-05-06T16:52:01 EDT" duration-ms="5200" status="PASS">
          <reporter-output>
          </reporter-output>
        </test-method> <!-- f -->
        <test-method is-config="true" signature="afterClass()[pri:0, instance:Protrainingtech.practiceframework.Whatsnew@2f177a4b]" started-at="2020-05-06T16:52:03 EDT" name="afterClass" finished-at="2020-05-06T16:52:07 EDT" duration-ms="3869" status="PASS">
          <reporter-output>
          </reporter-output>
        </test-method> <!-- afterClass -->
      </class> <!-- Protrainingtech.practiceframework.Whatsnew -->
      <class name="Protrainingtech.practiceframework.Newaccount">
        <test-method is-config="true" signature="browsers(java.lang.String, java.lang.String)[pri:0, instance:Protrainingtech.practiceframework.Newaccount@29176cc1]" started-at="2020-05-06T16:50:43 EDT" name="browsers" finished-at="2020-05-06T16:51:07 EDT" duration-ms="23704" status="PASS">
          <params>
            <param index="0">
              <value>
                <![CDATA[chrome]]>
              </value>
            </param>
            <param index="1">
              <value>
                <![CDATA[https://www.target.com]]>
              </value>
            </param>
          </params>
          <reporter-output>
          </reporter-output>
        </test-method> <!-- browsers -->
        <test-method signature="createaccount(java.lang.String, java.lang.String, java.lang.String, java.lang.String, java.lang.String)[pri:0, instance:Protrainingtech.practiceframework.Newaccount@29176cc1]" started-at="2020-05-06T16:51:07 EDT" name="createaccount" finished-at="2020-05-06T16:51:21 EDT" duration-ms="14876" status="PASS">
          <params>
            <param index="0">
              <value>
                <![CDATA[abc@yahoo.com]]>
              </value>
            </param>
            <param index="1">
              <value>
                <![CDATA[Muhammad]]>
              </value>
            </param>
            <param index="2">
              <value>
                <![CDATA[Zubair]]>
              </value>
            </param>
            <param index="3">
              <value>
                <![CDATA[03001234567]]>
              </value>
            </param>
            <param index="4">
              <value>
                <![CDATA[P12assword123]]>
              </value>
            </param>
          </params>
          <reporter-output>
          </reporter-output>
        </test-method> <!-- createaccount -->
        <test-method is-config="true" signature="afterClass()[pri:0, instance:Protrainingtech.practiceframework.Newaccount@29176cc1]" started-at="2020-05-06T16:51:22 EDT" name="afterClass" finished-at="2020-05-06T16:51:27 EDT" duration-ms="4816" status="PASS">
          <reporter-output>
          </reporter-output>
        </test-method> <!-- afterClass -->
      </class> <!-- Protrainingtech.practiceframework.Newaccount -->
      <class name="Protrainingtech.practiceframework.Target">
        <test-method is-config="true" signature="browsers(java.lang.String, java.lang.String)[pri:0, instance:Protrainingtech.practiceframework.Target@2928854b]" started-at="2020-05-06T16:48:38 EDT" name="browsers" finished-at="2020-05-06T16:49:03 EDT" duration-ms="25095" status="PASS">
          <params>
            <param index="0">
              <value>
                <![CDATA[chrome]]>
              </value>
            </param>
            <param index="1">
              <value>
                <![CDATA[https://www.target.com]]>
              </value>
            </param>
          </params>
          <reporter-output>
          </reporter-output>
        </test-method> <!-- browsers -->
        <test-method signature="f()[pri:1, instance:Protrainingtech.practiceframework.Target@2928854b]" started-at="2020-05-06T16:49:03 EDT" name="f" finished-at="2020-05-06T16:49:18 EDT" duration-ms="15116" status="PASS">
          <reporter-output>
            <line>
              <![CDATA[Clicked Main Menue]]>
            </line>
            <line>
              <![CDATA[End of Class]]>
            </line>
          </reporter-output>
        </test-method> <!-- f -->
        <test-method signature="search(java.lang.String)[pri:2, instance:Protrainingtech.practiceframework.Target@2928854b]" started-at="2020-05-06T16:49:21 EDT" name="search" data-provider="dp" finished-at="2020-05-06T16:49:34 EDT" duration-ms="12945" status="PASS">
          <params>
            <param index="0">
              <value>
                <![CDATA[sleep wear]]>
              </value>
            </param>
          </params>
          <reporter-output>
          </reporter-output>
        </test-method> <!-- search -->
        <test-method signature="search(java.lang.String)[pri:2, instance:Protrainingtech.practiceframework.Target@2928854b]" started-at="2020-05-06T16:49:35 EDT" name="search" data-provider="dp" finished-at="2020-05-06T16:49:44 EDT" duration-ms="9007" status="PASS">
          <params>
            <param index="0">
              <value>
                <![CDATA[dress shirts]]>
              </value>
            </param>
          </params>
          <reporter-output>
          </reporter-output>
        </test-method> <!-- search -->
        <test-method signature="search(java.lang.String)[pri:2, instance:Protrainingtech.practiceframework.Target@2928854b]" started-at="2020-05-06T16:49:45 EDT" name="search" data-provider="dp" finished-at="2020-05-06T16:49:53 EDT" duration-ms="7565" status="PASS">
          <params>
            <param index="0">
              <value>
                <![CDATA[kids shoes]]>
              </value>
            </param>
          </params>
          <reporter-output>
          </reporter-output>
        </test-method> <!-- search -->
        <test-method is-config="true" signature="afterClass()[pri:0, instance:Protrainingtech.practiceframework.Target@2928854b]" started-at="2020-05-06T16:49:53 EDT" name="afterClass" finished-at="2020-05-06T16:50:00 EDT" duration-ms="6627" status="PASS">
          <reporter-output>
          </reporter-output>
        </test-method> <!-- afterClass -->
      </class> <!-- Protrainingtech.practiceframework.Target -->
      <class name="Protrainingtech.practiceframework.Pagesignin">
        <test-method is-config="true" signature="browsers(java.lang.String, java.lang.String)[pri:0, instance:Protrainingtech.practiceframework.Pagesignin@27ae2fd0]" started-at="2020-05-06T16:50:00 EDT" name="browsers" finished-at="2020-05-06T16:50:26 EDT" duration-ms="25794" status="PASS">
          <params>
            <param index="0">
              <value>
                <![CDATA[chrome]]>
              </value>
            </param>
            <param index="1">
              <value>
                <![CDATA[https://www.target.com]]>
              </value>
            </param>
          </params>
          <reporter-output>
          </reporter-output>
        </test-method> <!-- browsers -->
        <test-method signature="f()[pri:0, instance:Protrainingtech.practiceframework.Pagesignin@27ae2fd0]" started-at="2020-05-06T16:50:26 EDT" name="f" finished-at="2020-05-06T16:50:42 EDT" duration-ms="15737" status="PASS">
          <reporter-output>
          </reporter-output>
        </test-method> <!-- f -->
        <test-method is-config="true" signature="afterClass()[pri:0, instance:Protrainingtech.practiceframework.Pagesignin@27ae2fd0]" started-at="2020-05-06T16:50:42 EDT" name="afterClass" finished-at="2020-05-06T16:50:43 EDT" duration-ms="772" status="PASS">
          <reporter-output>
          </reporter-output>
        </test-method> <!-- afterClass -->
      </class> <!-- Protrainingtech.practiceframework.Pagesignin -->
    </test> <!-- target-chrome-test -->
    <test started-at="2020-05-06T16:52:08 EDT" name="target-firefox-test" finished-at="2020-05-06T16:58:55 EDT" duration-ms="406755">
      <class name="Protrainingtech.practiceframework.Whatsnew">
        <test-method is-config="true" signature="browsers(java.lang.String, java.lang.String)[pri:0, instance:Protrainingtech.practiceframework.Whatsnew@65466a6a]" started-at="2020-05-06T16:57:34 EDT" name="browsers" finished-at="2020-05-06T16:58:12 EDT" duration-ms="38792" status="PASS">
          <params>
            <param index="0">
              <value>
                <![CDATA[firefox]]>
              </value>
            </param>
            <param index="1">
              <value>
                <![CDATA[https://www.target.com]]>
              </value>
            </param>
          </params>
          <reporter-output>
          </reporter-output>
        </test-method> <!-- browsers -->
        <test-method signature="f()[pri:0, instance:Protrainingtech.practiceframework.Whatsnew@65466a6a]" started-at="2020-05-06T16:58:12 EDT" name="f" finished-at="2020-05-06T16:58:22 EDT" duration-ms="9638" status="PASS">
          <reporter-output>
          </reporter-output>
        </test-method> <!-- f -->
        <test-method is-config="true" signature="afterClass()[pri:0, instance:Protrainingtech.practiceframework.Whatsnew@65466a6a]" started-at="2020-05-06T16:58:23 EDT" name="afterClass" finished-at="2020-05-06T16:58:55 EDT" duration-ms="32060" status="PASS">
          <reporter-output>
          </reporter-output>
        </test-method> <!-- afterClass -->
      </class> <!-- Protrainingtech.practiceframework.Whatsnew -->
      <class name="Protrainingtech.practiceframework.Newaccount">
        <test-method is-config="true" signature="browsers(java.lang.String, java.lang.String)[pri:0, instance:Protrainingtech.practiceframework.Newaccount@433d61fb]" started-at="2020-05-06T16:52:08 EDT" name="browsers" finished-at="2020-05-06T16:53:28 EDT" duration-ms="79913" status="PASS">
          <params>
            <param index="0">
              <value>
                <![CDATA[firefox]]>
              </value>
            </param>
            <param index="1">
              <value>
                <![CDATA[https://www.target.com]]>
              </value>
            </param>
          </params>
          <reporter-output>
          </reporter-output>
        </test-method> <!-- browsers -->
        <test-method signature="createaccount(java.lang.String, java.lang.String, java.lang.String, java.lang.String, java.lang.String)[pri:0, instance:Protrainingtech.practiceframework.Newaccount@433d61fb]" started-at="2020-05-06T16:53:28 EDT" name="createaccount" finished-at="2020-05-06T16:53:54 EDT" duration-ms="26108" status="PASS">
          <params>
            <param index="0">
              <value>
                <![CDATA[abc@yahoo.com]]>
              </value>
            </param>
            <param index="1">
              <value>
                <![CDATA[Muhammad]]>
              </value>
            </param>
            <param index="2">
              <value>
                <![CDATA[Zubair]]>
              </value>
            </param>
            <param index="3">
              <value>
                <![CDATA[03001234567]]>
              </value>
            </param>
            <param index="4">
              <value>
                <![CDATA[P12assword123]]>
              </value>
            </param>
          </params>
          <reporter-output>
          </reporter-output>
        </test-method> <!-- createaccount -->
        <test-method is-config="true" signature="afterClass()[pri:0, instance:Protrainingtech.practiceframework.Newaccount@433d61fb]" started-at="2020-05-06T16:53:56 EDT" name="afterClass" finished-at="2020-05-06T16:54:18 EDT" duration-ms="22106" status="PASS">
          <reporter-output>
          </reporter-output>
        </test-method> <!-- afterClass -->
      </class> <!-- Protrainingtech.practiceframework.Newaccount -->
      <class name="Protrainingtech.practiceframework.Target">
        <test-method is-config="true" signature="browsers(java.lang.String, java.lang.String)[pri:0, instance:Protrainingtech.practiceframework.Target@4b14c583]" started-at="2020-05-06T16:55:26 EDT" name="browsers" finished-at="2020-05-06T16:55:55 EDT" duration-ms="28595" status="PASS">
          <params>
            <param index="0">
              <value>
                <![CDATA[firefox]]>
              </value>
            </param>
            <param index="1">
              <value>
                <![CDATA[https://www.target.com]]>
              </value>
            </param>
          </params>
          <reporter-output>
          </reporter-output>
        </test-method> <!-- browsers -->
        <test-method signature="f()[pri:1, instance:Protrainingtech.practiceframework.Target@4b14c583]" started-at="2020-05-06T16:55:55 EDT" name="f" finished-at="2020-05-06T16:56:22 EDT" duration-ms="26843" status="PASS">
          <reporter-output>
            <line>
              <![CDATA[Clicked Main Menue]]>
            </line>
            <line>
              <![CDATA[End of Class]]>
            </line>
          </reporter-output>
        </test-method> <!-- f -->
        <test-method signature="search(java.lang.String)[pri:2, instance:Protrainingtech.practiceframework.Target@4b14c583]" started-at="2020-05-06T16:56:23 EDT" name="search" data-provider="dp" finished-at="2020-05-06T16:56:36 EDT" duration-ms="12808" status="PASS">
          <params>
            <param index="0">
              <value>
                <![CDATA[sleep wear]]>
              </value>
            </param>
          </params>
          <reporter-output>
          </reporter-output>
        </test-method> <!-- search -->
        <test-method signature="search(java.lang.String)[pri:2, instance:Protrainingtech.practiceframework.Target@4b14c583]" started-at="2020-05-06T16:56:37 EDT" name="search" data-provider="dp" finished-at="2020-05-06T16:56:49 EDT" duration-ms="12520" status="PASS">
          <params>
            <param index="0">
              <value>
                <![CDATA[dress shirts]]>
              </value>
            </param>
          </params>
          <reporter-output>
          </reporter-output>
        </test-method> <!-- search -->
        <test-method signature="search(java.lang.String)[pri:2, instance:Protrainingtech.practiceframework.Target@4b14c583]" started-at="2020-05-06T16:56:51 EDT" name="search" data-provider="dp" finished-at="2020-05-06T16:57:03 EDT" duration-ms="12180" status="PASS">
          <params>
            <param index="0">
              <value>
                <![CDATA[kids shoes]]>
              </value>
            </param>
          </params>
          <reporter-output>
          </reporter-output>
        </test-method> <!-- search -->
        <test-method is-config="true" signature="afterClass()[pri:0, instance:Protrainingtech.practiceframework.Target@4b14c583]" started-at="2020-05-06T16:57:04 EDT" name="afterClass" finished-at="2020-05-06T16:57:34 EDT" duration-ms="29515" status="PASS">
          <reporter-output>
          </reporter-output>
        </test-method> <!-- afterClass -->
      </class> <!-- Protrainingtech.practiceframework.Target -->
      <class name="Protrainingtech.practiceframework.Pagesignin">
        <test-method is-config="true" signature="browsers(java.lang.String, java.lang.String)[pri:0, instance:Protrainingtech.practiceframework.Pagesignin@5c909414]" started-at="2020-05-06T16:54:18 EDT" name="browsers" finished-at="2020-05-06T16:54:41 EDT" duration-ms="22813" status="PASS">
          <params>
            <param index="0">
              <value>
                <![CDATA[firefox]]>
              </value>
            </param>
            <param index="1">
              <value>
                <![CDATA[https://www.target.com]]>
              </value>
            </param>
          </params>
          <reporter-output>
          </reporter-output>
        </test-method> <!-- browsers -->
        <test-method signature="f()[pri:0, instance:Protrainingtech.practiceframework.Pagesignin@5c909414]" started-at="2020-05-06T16:54:41 EDT" name="f" finished-at="2020-05-06T16:54:54 EDT" duration-ms="12982" status="PASS">
          <reporter-output>
          </reporter-output>
        </test-method> <!-- f -->
        <test-method is-config="true" signature="afterClass()[pri:0, instance:Protrainingtech.practiceframework.Pagesignin@5c909414]" started-at="2020-05-06T16:54:54 EDT" name="afterClass" finished-at="2020-05-06T16:55:26 EDT" duration-ms="32380" status="PASS">
          <reporter-output>
          </reporter-output>
        </test-method> <!-- afterClass -->
      </class> <!-- Protrainingtech.practiceframework.Pagesignin -->
    </test> <!-- target-firefox-test -->
    <test started-at="2020-05-06T16:58:55 EDT" name="Home-Depot-chrome" finished-at="2020-05-06T17:02:14 EDT" duration-ms="199075">
      <class name="bcamphomedepot.searchbutton">
        <test-method is-config="true" signature="browsers(java.lang.String, java.lang.String)[pri:0, instance:bcamphomedepot.searchbutton@149e0f5d]" started-at="2020-05-06T17:00:17 EDT" name="browsers" finished-at="2020-05-06T17:00:36 EDT" duration-ms="18815" status="PASS">
          <params>
            <param index="0">
              <value>
                <![CDATA[chrome]]>
              </value>
            </param>
            <param index="1">
              <value>
                <![CDATA[https://www.homedepot.com]]>
              </value>
            </param>
          </params>
          <reporter-output>
          </reporter-output>
        </test-method> <!-- browsers -->
        <test-method signature="f(java.lang.String)[pri:1, instance:bcamphomedepot.searchbutton@149e0f5d]" started-at="2020-05-06T17:00:36 EDT" name="f" data-provider="dp" finished-at="2020-05-06T17:00:55 EDT" duration-ms="19471" status="PASS">
          <params>
            <param index="0">
              <value>
                <![CDATA[drill machine]]>
              </value>
            </param>
          </params>
          <reporter-output>
          </reporter-output>
        </test-method> <!-- f -->
        <test-method signature="f(java.lang.String)[pri:1, instance:bcamphomedepot.searchbutton@149e0f5d]" started-at="2020-05-06T17:00:58 EDT" name="f" data-provider="dp" finished-at="2020-05-06T17:01:06 EDT" duration-ms="8110" status="PASS">
          <params>
            <param index="0">
              <value>
                <![CDATA[screw driver]]>
              </value>
            </param>
          </params>
          <reporter-output>
          </reporter-output>
        </test-method> <!-- f -->
        <test-method signature="f(java.lang.String)[pri:1, instance:bcamphomedepot.searchbutton@149e0f5d]" started-at="2020-05-06T17:01:09 EDT" name="f" data-provider="dp" finished-at="2020-05-06T17:01:29 EDT" duration-ms="20006" status="PASS">
          <params>
            <param index="0">
              <value>
                <![CDATA[10 inch bolts]]>
              </value>
            </param>
          </params>
          <reporter-output>
          </reporter-output>
        </test-method> <!-- f -->
        <test-method signature="addcart()[pri:2, instance:bcamphomedepot.searchbutton@149e0f5d]" started-at="2020-05-06T17:01:33 EDT" name="addcart" finished-at="2020-05-06T17:02:01 EDT" duration-ms="28290" status="PASS">
          <reporter-output>
          </reporter-output>
        </test-method> <!-- addcart -->
        <test-method is-config="true" signature="afterClass()[pri:0, instance:bcamphomedepot.searchbutton@149e0f5d]" started-at="2020-05-06T17:02:12 EDT" name="afterClass" finished-at="2020-05-06T17:02:14 EDT" duration-ms="2393" status="PASS">
          <reporter-output>
          </reporter-output>
        </test-method> <!-- afterClass -->
      </class> <!-- bcamphomedepot.searchbutton -->
      <class name="bcamphomedepot.logina">
        <test-method is-config="true" signature="browsers(java.lang.String, java.lang.String)[pri:0, instance:bcamphomedepot.logina@3aefe5e5]" started-at="2020-05-06T16:59:36 EDT" name="browsers" finished-at="2020-05-06T16:59:59 EDT" duration-ms="23513" status="PASS">
          <params>
            <param index="0">
              <value>
                <![CDATA[chrome]]>
              </value>
            </param>
            <param index="1">
              <value>
                <![CDATA[https://www.homedepot.com]]>
              </value>
            </param>
          </params>
          <reporter-output>
          </reporter-output>
        </test-method> <!-- browsers -->
        <test-method signature="f(java.lang.String, java.lang.String)[pri:0, instance:bcamphomedepot.logina@3aefe5e5]" started-at="2020-05-06T16:59:59 EDT" name="f" finished-at="2020-05-06T17:00:12 EDT" duration-ms="12583" status="PASS">
          <params>
            <param index="0">
              <value>
                <![CDATA[abc@yahoo.com]]>
              </value>
            </param>
            <param index="1">
              <value>
                <![CDATA[P12assword123]]>
              </value>
            </param>
          </params>
          <reporter-output>
          </reporter-output>
        </test-method> <!-- f -->
        <test-method is-config="true" signature="afterClass()[pri:0, instance:bcamphomedepot.logina@3aefe5e5]" started-at="2020-05-06T17:00:13 EDT" name="afterClass" finished-at="2020-05-06T17:00:17 EDT" duration-ms="4557" status="PASS">
          <reporter-output>
          </reporter-output>
        </test-method> <!-- afterClass -->
      </class> <!-- bcamphomedepot.logina -->
      <class name="bcamphomedepot.newaccount2">
        <test-method is-config="true" signature="browsers(java.lang.String, java.lang.String)[pri:0, instance:bcamphomedepot.newaccount2@1184ab05]" started-at="2020-05-06T16:58:55 EDT" name="browsers" finished-at="2020-05-06T16:59:17 EDT" duration-ms="22035" status="PASS">
          <params>
            <param index="0">
              <value>
                <![CDATA[chrome]]>
              </value>
            </param>
            <param index="1">
              <value>
                <![CDATA[https://www.homedepot.com]]>
              </value>
            </param>
          </params>
          <reporter-output>
          </reporter-output>
        </test-method> <!-- browsers -->
        <test-method signature="newaccount1(java.lang.String, java.lang.String, java.lang.String, java.lang.String)[pri:0, instance:bcamphomedepot.newaccount2@1184ab05]" started-at="2020-05-06T16:59:17 EDT" name="newaccount1" finished-at="2020-05-06T16:59:35 EDT" duration-ms="17366" status="PASS">
          <params>
            <param index="0">
              <value>
                <![CDATA[abc@yahoo.com]]>
              </value>
            </param>
            <param index="1">
              <value>
                <![CDATA[P12assword123]]>
              </value>
            </param>
            <param index="2">
              <value>
                <![CDATA[20871]]>
              </value>
            </param>
            <param index="3">
              <value>
                <![CDATA[03001234567]]>
              </value>
            </param>
          </params>
          <reporter-output>
          </reporter-output>
        </test-method> <!-- newaccount1 -->
        <test-method is-config="true" signature="afterClass()[pri:0, instance:bcamphomedepot.newaccount2@1184ab05]" started-at="2020-05-06T16:59:35 EDT" name="afterClass" finished-at="2020-05-06T16:59:36 EDT" duration-ms="617" status="PASS">
          <reporter-output>
          </reporter-output>
        </test-method> <!-- afterClass -->
      </class> <!-- bcamphomedepot.newaccount2 -->
    </test> <!-- Home-Depot-chrome -->
  </suite> <!-- Suite -->
</testng-results>
